Added Component: Designator=C04(FP-CL826-IPC_C)
Add component. Clean all parameters for all variants
Add component (AddParameter): Name = "Capacitance"; Value = "2.2uF"; VariantName = "[No Variations]"
Add component (AddParameter): Name = "Case Code (Imperial)"; Value = "0402"; VariantName = "[No Variations]"
Add component (AddParameter): Name = "Case Code (Metric)"; Value = "1005"; VariantName = "[No Variations]"
Add component (AddParameter): Name = "LCSC Part #"; Value = "C159814"; VariantName = "[No Variations]"
Add component (AddParameter): Name = "Lead Free"; Value = "Lead Free"; VariantName = "[No Variations]"
Add component (AddParameter): Name = "Length"; Value = "0.039inch"; VariantName = "[No Variations]"
Add component (AddParameter): Name = "Manufacturer"; Value = "Samsung Electro-Mechanics"; VariantName = "[No Variations]"
Add component (AddParameter): Name = "Max Operating Temperature"; Value = "85°C"; VariantName = "[No Variations]"
Add component (AddParameter): Name = "Mfr. Part #"; Value = "CL05A225MA5NUNC"; VariantName = "[No Variations]"
Add component (AddParameter): Name = "Min Operating Temperature"; Value = "-55°C"; VariantName = "[No Variations]"
Add component (AddParameter): Name = "Mount"; Value = "Surface Mount"; VariantName = "[No Variations]"
Add component (AddParameter): Name = "Package"; Value = "0402"; VariantName = "[No Variations]"
Add component (AddParameter): Name = "Packaging"; Value = "Cut Tape"; VariantName = "[No Variations]"
Add component (AddParameter): Name = "Thickness"; Value = "0.022inch"; VariantName = "[No Variations]"
Add component (AddParameter): Name = "Tolerance"; Value = "20%"; VariantName = "[No Variations]"
Add component (AddParameter): Name = "Voltage"; Value = "25V"; VariantName = "[No Variations]"
Add component (AddParameter): Name = "Width"; Value = "0.02inch"; VariantName = "[No Variations]"
Added Component: Designator=C4(FP-CL542-IPC_C)
Add component. Clean all parameters for all variants
Add component (AddParameter): Name = "Capacitance"; Value = "1uF"; VariantName = "[No Variations]"
Add component (AddParameter): Name = "LCSC Part #"; Value = "C52923"; VariantName = "[No Variations]"
Add component (AddParameter): Name = "Manufacturer"; Value = "Samsung Electro-Mechanics"; VariantName = "[No Variations]"
Add component (AddParameter): Name = "Mfr. Part #"; Value = "CL05A105KA5NQNC"; VariantName = "[No Variations]"
Add component (AddParameter): Name = "Package"; Value = "0402"; VariantName = "[No Variations]"
Add component (AddParameter): Name = "Tolerance"; Value = "10%"; VariantName = "[No Variations]"
Add component (AddParameter): Name = "Voltage Rating"; Value = "25V"; VariantName = "[No Variations]"
Added Component: Designator=con1(HDR1X2H)
Add component. Clean all parameters for all variants
Add component (AddParameter): Name = "LatestRevisionDate"; Value = "17-Jul-2002"; VariantName = "[No Variations]"
Add component (AddParameter): Name = "LatestRevisionNote"; Value = "Re-released for DXP Platform."; VariantName = "[No Variations]"
Add component (AddParameter): Name = "Publisher"; Value = "Altium Limited"; VariantName = "[No Variations]"
Added Component: Designator=DS-05RP(DIP10)
Add component. Clean all parameters for all variants
Add component (AddParameter): Name = "LCSC Part #"; Value = "C129061"; VariantName = "[No Variations]"
Add component (AddParameter): Name = "Manufacturer"; Value = "Korean Hroparts Elec"; VariantName = "[No Variations]"
Add component (AddParameter): Name = "Mfr. Part #"; Value = "DS-05RP"; VariantName = "[No Variations]"
Add component (AddParameter): Name = "Package"; Value = "Plugin"; VariantName = "[No Variations]"
Added Component: Designator=J1(FP-5004-MFG)
Add component. Clean all parameters for all variants
Add component (AddParameter): Name = "Automotive"; Value = "No"; VariantName = "[No Variations]"
Add component (AddParameter): Name = "Category"; Value = "Conn"; VariantName = "[No Variations]"
Add component (AddParameter): Name = "ComponentLink2Description"; Value = "Datasheet"; VariantName = "[No Variations]"
Add component (AddParameter): Name = "ComponentLink2URL"; Value = "https://www.keyelco.com/product-pdf.cfm?p=1313"; VariantName = "[No Variations]"
Add component (AddParameter): Name = "Contact Material"; Value = "Silver"; VariantName = "[No Variations]"
Add component (AddParameter): Name = "Device Class L1"; Value = "Connectors"; VariantName = "[No Variations]"
Add component (AddParameter): Name = "Device Class L2"; Value = "unset"; VariantName = "[No Variations]"
Add component (AddParameter): Name = "Device Class L3"; Value = "unset"; VariantName = "[No Variations]"
Add component (AddParameter): Name = "Digikey Description"; Value = "PC TEST POINT MINIATURE YELLOW"; VariantName = "[No Variations]"
Add component (AddParameter): Name = "Height"; Value = "4.72mm"; VariantName = "[No Variations]"
Add component (AddParameter): Name = "Is Female"; Value = "yes"; VariantName = "[No Variations]"
Add component (AddParameter): Name = "LCSC Part #"; Value = "C2906762"; VariantName = "[No Variations]"
Add component (AddParameter): Name = "Lead Free"; Value = "Yes"; VariantName = "[No Variations]"
Add component (AddParameter): Name = "Manufacturer"; Value = "Keystone"; VariantName = "[No Variations]"
Add component (AddParameter): Name = "Mfr. Part #"; Value = "5004"; VariantName = "[No Variations]"
Add component (AddParameter): Name = "Mouser Description"; Value = "TEST POINT PC MINI .040"D YELLOW"; VariantName = "[No Variations]"
Add component (AddParameter): Name = "Number Of Contacts"; Value = "1"; VariantName = "[No Variations]"
Add component (AddParameter): Name = "Octopart"; Value = "https://octopart.com/5004-keystone-28591"; VariantName = "[No Variations]"
Add component (AddParameter): Name = "Package"; Value = "5004"; VariantName = "[No Variations]"
Add component (AddParameter): Name = "RoHS"; Value = "TRUE"; VariantName = "[No Variations]"
Added Component: Designator=J2(FP-5004-MFG)
Add component. Clean all parameters for all variants
Add component (AddParameter): Name = "Automotive"; Value = "No"; VariantName = "[No Variations]"
Add component (AddParameter): Name = "Category"; Value = "Conn"; VariantName = "[No Variations]"
Add component (AddParameter): Name = "ComponentLink2Description"; Value = "Datasheet"; VariantName = "[No Variations]"
Add component (AddParameter): Name = "ComponentLink2URL"; Value = "https://www.keyelco.com/product-pdf.cfm?p=1313"; VariantName = "[No Variations]"
Add component (AddParameter): Name = "Contact Material"; Value = "Silver"; VariantName = "[No Variations]"
Add component (AddParameter): Name = "Device Class L1"; Value = "Connectors"; VariantName = "[No Variations]"
Add component (AddParameter): Name = "Device Class L2"; Value = "unset"; VariantName = "[No Variations]"
Add component (AddParameter): Name = "Device Class L3"; Value = "unset"; VariantName = "[No Variations]"
Add component (AddParameter): Name = "Digikey Description"; Value = "PC TEST POINT MINIATURE YELLOW"; VariantName = "[No Variations]"
Add component (AddParameter): Name = "Height"; Value = "4.72mm"; VariantName = "[No Variations]"
Add component (AddParameter): Name = "Is Female"; Value = "yes"; VariantName = "[No Variations]"
Add component (AddParameter): Name = "LCSC Part #"; Value = "C2906762"; VariantName = "[No Variations]"
Add component (AddParameter): Name = "Lead Free"; Value = "Yes"; VariantName = "[No Variations]"
Add component (AddParameter): Name = "Manufacturer"; Value = "Keystone"; VariantName = "[No Variations]"
Add component (AddParameter): Name = "Mfr. Part #"; Value = "5004"; VariantName = "[No Variations]"
Add component (AddParameter): Name = "Mouser Description"; Value = "TEST POINT PC MINI .040"D YELLOW"; VariantName = "[No Variations]"
Add component (AddParameter): Name = "Number Of Contacts"; Value = "1"; VariantName = "[No Variations]"
Add component (AddParameter): Name = "Octopart"; Value = "https://octopart.com/5004-keystone-28591"; VariantName = "[No Variations]"
Add component (AddParameter): Name = "Package"; Value = "5004"; VariantName = "[No Variations]"
Add component (AddParameter): Name = "RoHS"; Value = "TRUE"; VariantName = "[No Variations]"
Added Component: Designator=J3(FP-5004-MFG)
Add component. Clean all parameters for all variants
Add component (AddParameter): Name = "Automotive"; Value = "No"; VariantName = "[No Variations]"
Add component (AddParameter): Name = "Category"; Value = "Conn"; VariantName = "[No Variations]"
Add component (AddParameter): Name = "ComponentLink2Description"; Value = "Datasheet"; VariantName = "[No Variations]"
Add component (AddParameter): Name = "ComponentLink2URL"; Value = "https://www.keyelco.com/product-pdf.cfm?p=1313"; VariantName = "[No Variations]"
Add component (AddParameter): Name = "Contact Material"; Value = "Silver"; VariantName = "[No Variations]"
Add component (AddParameter): Name = "Device Class L1"; Value = "Connectors"; VariantName = "[No Variations]"
Add component (AddParameter): Name = "Device Class L2"; Value = "unset"; VariantName = "[No Variations]"
Add component (AddParameter): Name = "Device Class L3"; Value = "unset"; VariantName = "[No Variations]"
Add component (AddParameter): Name = "Digikey Description"; Value = "PC TEST POINT MINIATURE YELLOW"; VariantName = "[No Variations]"
Add component (AddParameter): Name = "Height"; Value = "4.72mm"; VariantName = "[No Variations]"
Add component (AddParameter): Name = "Is Female"; Value = "yes"; VariantName = "[No Variations]"
Add component (AddParameter): Name = "LCSC Part #"; Value = "C2906762"; VariantName = "[No Variations]"
Add component (AddParameter): Name = "Lead Free"; Value = "Yes"; VariantName = "[No Variations]"
Add component (AddParameter): Name = "Manufacturer"; Value = "Keystone"; VariantName = "[No Variations]"
Add component (AddParameter): Name = "Mfr. Part #"; Value = "5004"; VariantName = "[No Variations]"
Add component (AddParameter): Name = "Mouser Description"; Value = "TEST POINT PC MINI .040"D YELLOW"; VariantName = "[No Variations]"
Add component (AddParameter): Name = "Number Of Contacts"; Value = "1"; VariantName = "[No Variations]"
Add component (AddParameter): Name = "Octopart"; Value = "https://octopart.com/5004-keystone-28591"; VariantName = "[No Variations]"
Add component (AddParameter): Name = "Package"; Value = "5004"; VariantName = "[No Variations]"
Add component (AddParameter): Name = "RoHS"; Value = "TRUE"; VariantName = "[No Variations]"
Added Component: Designator=J4(FP-5004-MFG)
Add component. Clean all parameters for all variants
Add component (AddParameter): Name = "Automotive"; Value = "No"; VariantName = "[No Variations]"
Add component (AddParameter): Name = "Category"; Value = "Conn"; VariantName = "[No Variations]"
Add component (AddParameter): Name = "ComponentLink2Description"; Value = "Datasheet"; VariantName = "[No Variations]"
Add component (AddParameter): Name = "ComponentLink2URL"; Value = "https://www.keyelco.com/product-pdf.cfm?p=1313"; VariantName = "[No Variations]"
Add component (AddParameter): Name = "Contact Material"; Value = "Silver"; VariantName = "[No Variations]"
Add component (AddParameter): Name = "Device Class L1"; Value = "Connectors"; VariantName = "[No Variations]"
Add component (AddParameter): Name = "Device Class L2"; Value = "unset"; VariantName = "[No Variations]"
Add component (AddParameter): Name = "Device Class L3"; Value = "unset"; VariantName = "[No Variations]"
Add component (AddParameter): Name = "Digikey Description"; Value = "PC TEST POINT MINIATURE YELLOW"; VariantName = "[No Variations]"
Add component (AddParameter): Name = "Height"; Value = "4.72mm"; VariantName = "[No Variations]"
Add component (AddParameter): Name = "Is Female"; Value = "yes"; VariantName = "[No Variations]"
Add component (AddParameter): Name = "LCSC Part #"; Value = "C2906762"; VariantName = "[No Variations]"
Add component (AddParameter): Name = "Lead Free"; Value = "Yes"; VariantName = "[No Variations]"
Add component (AddParameter): Name = "Manufacturer"; Value = "Keystone"; VariantName = "[No Variations]"
Add component (AddParameter): Name = "Mfr. Part #"; Value = "5004"; VariantName = "[No Variations]"
Add component (AddParameter): Name = "Mouser Description"; Value = "TEST POINT PC MINI .040"D YELLOW"; VariantName = "[No Variations]"
Add component (AddParameter): Name = "Number Of Contacts"; Value = "1"; VariantName = "[No Variations]"
Add component (AddParameter): Name = "Octopart"; Value = "https://octopart.com/5004-keystone-28591"; VariantName = "[No Variations]"
Add component (AddParameter): Name = "Package"; Value = "5004"; VariantName = "[No Variations]"
Add component (AddParameter): Name = "RoHS"; Value = "TRUE"; VariantName = "[No Variations]"
Added Component: Designator=J5(FP-5004-MFG)
Add component. Clean all parameters for all variants
Add component (AddParameter): Name = "Automotive"; Value = "No"; VariantName = "[No Variations]"
Add component (AddParameter): Name = "Category"; Value = "Conn"; VariantName = "[No Variations]"
Add component (AddParameter): Name = "ComponentLink2Description"; Value = "Datasheet"; VariantName = "[No Variations]"
Add component (AddParameter): Name = "ComponentLink2URL"; Value = "https://www.keyelco.com/product-pdf.cfm?p=1313"; VariantName = "[No Variations]"
Add component (AddParameter): Name = "Contact Material"; Value = "Silver"; VariantName = "[No Variations]"
Add component (AddParameter): Name = "Device Class L1"; Value = "Connectors"; VariantName = "[No Variations]"
Add component (AddParameter): Name = "Device Class L2"; Value = "unset"; VariantName = "[No Variations]"
Add component (AddParameter): Name = "Device Class L3"; Value = "unset"; VariantName = "[No Variations]"
Add component (AddParameter): Name = "Digikey Description"; Value = "PC TEST POINT MINIATURE YELLOW"; VariantName = "[No Variations]"
Add component (AddParameter): Name = "Height"; Value = "4.72mm"; VariantName = "[No Variations]"
Add component (AddParameter): Name = "Is Female"; Value = "yes"; VariantName = "[No Variations]"
Add component (AddParameter): Name = "LCSC Part #"; Value = "C2906762"; VariantName = "[No Variations]"
Add component (AddParameter): Name = "Lead Free"; Value = "Yes"; VariantName = "[No Variations]"
Add component (AddParameter): Name = "Manufacturer"; Value = "Keystone"; VariantName = "[No Variations]"
Add component (AddParameter): Name = "Mfr. Part #"; Value = "5004"; VariantName = "[No Variations]"
Add component (AddParameter): Name = "Mouser Description"; Value = "TEST POINT PC MINI .040"D YELLOW"; VariantName = "[No Variations]"
Add component (AddParameter): Name = "Number Of Contacts"; Value = "1"; VariantName = "[No Variations]"
Add component (AddParameter): Name = "Octopart"; Value = "https://octopart.com/5004-keystone-28591"; VariantName = "[No Variations]"
Add component (AddParameter): Name = "Package"; Value = "5004"; VariantName = "[No Variations]"
Add component (AddParameter): Name = "Parameter 2"; Value = ""; VariantName = "[No Variations]"
Add component (AddParameter): Name = "RoHS"; Value = "TRUE"; VariantName = "[No Variations]"
Added Component: Designator=LED1(VISH-TLMX1100_V)
Add component. Clean all parameters for all variants
Add component (AddParameter): Name = "Capacitance"; Value = "12 pF"; VariantName = "[No Variations]"
Add component (AddParameter): Name = "Color"; Value = "Red"; VariantName = "[No Variations]"
Add component (AddParameter): Name = "ComponentLink1Description"; Value = "Manufacturer URL"; VariantName = "[No Variations]"
Add component (AddParameter): Name = "ComponentLink1URL"; Value = "http://www.vishay.com/"; VariantName = "[No Variations]"
Add component (AddParameter): Name = "ComponentLink2Description"; Value = "Datasheet"; VariantName = "[No Variations]"
Add component (AddParameter): Name = "ComponentLink2URL"; Value = "http://www.vishay.com/docs/83173/tlmb1100.pdf"; VariantName = "[No Variations]"
Add component (AddParameter): Name = "DatasheetVersion"; Value = "Rev. 2.7, 03/2016"; VariantName = "[No Variations]"
Add component (AddParameter): Name = "Height"; Value = "0.8 mm"; VariantName = "[No Variations]"
Add component (AddParameter): Name = "LCSC Part #"; Value = "C266784"; VariantName = "[No Variations]"
Add component (AddParameter): Name = "Length"; Value = "1.6 mm"; VariantName = "[No Variations]"
Add component (AddParameter): Name = "Manufacturer"; Value = "Vishay"; VariantName = "[No Variations]"
Add component (AddParameter): Name = "Mfr. Part #"; Value = "TLMS1100-GS08"; VariantName = "[No Variations]"
Add component (AddParameter): Name = "Package"; Value = "0603"; VariantName = "[No Variations]"
Add component (AddParameter): Name = "PackageDescription"; Value = "2-Pin Surface Mount Device, Body 1.6 x 0.8 mm"; VariantName = "[No Variations]"
Add component (AddParameter): Name = "Radiation Hardening"; Value = "No"; VariantName = "[No Variations]"
Add component (AddParameter): Name = "Tolerance"; Value = "5%"; VariantName = "[No Variations]"
Add component (AddParameter): Name = "Type (Capacitors)"; Value = "C0G"; VariantName = "[No Variations]"
Add component (AddParameter): Name = "Voltage Rating"; Value = "50 V"; VariantName = "[No Variations]"
Add component (AddParameter): Name = "Voltage Rating (DC)"; Value = "50 V"; VariantName = "[No Variations]"
Add component (AddParameter): Name = "Width"; Value = "0.8 mm"; VariantName = "[No Variations]"
Added Component: Designator=M1(ESP32-DEVKIT-V1)
Add component. Clean all parameters for all variants
Added Component: Designator= NTC1(FP-NXR_151B030-MFG)
Add component. Clean all parameters for all variants
Add component (AddParameter): Name = "Height"; Value = "2mm"; VariantName = "[No Variations]"
Add component (AddParameter): Name = "LCSC Part #"; Value = "C152559"; VariantName = "[No Variations]"
Add component (AddParameter): Name = "Lead Diameter"; Value = "0.4mm"; VariantName = "[No Variations]"
Add component (AddParameter): Name = "Lead Free"; Value = "Lead Free"; VariantName = "[No Variations]"
Add component (AddParameter): Name = "Lead Pitch"; Value = "2.5mm"; VariantName = "[No Variations]"
Add component (AddParameter): Name = "Length"; Value = "5mm"; VariantName = "[No Variations]"
Add component (AddParameter): Name = "Manufacturer"; Value = "Murata Electronics"; VariantName = "[No Variations]"
Add component (AddParameter): Name = "Max Operating Temperature"; Value = "125°C"; VariantName = "[No Variations]"
Add component (AddParameter): Name = "Max Power Dissipation"; Value = "7.5mW"; VariantName = "[No Variations]"
Add component (AddParameter): Name = "Mfr. Part #"; Value = "NXRT15XH103FA1B030"; VariantName = "[No Variations]"
Add component (AddParameter): Name = "Min Operating Temperature"; Value = "-40°C"; VariantName = "[No Variations]"
Add component (AddParameter): Name = "Mount"; Value = "Through Hole"; VariantName = "[No Variations]"
Add component (AddParameter): Name = "Number of Pins"; Value = "2"; VariantName = "[No Variations]"
Add component (AddParameter): Name = "Package"; Value = "Radial Leaded"; VariantName = "[No Variations]"
Add component (AddParameter): Name = "Package Quantity"; Value = "500"; VariantName = "[No Variations]"
Add component (AddParameter): Name = "Packaging"; Value = "Bulk"; VariantName = "[No Variations]"
Add component (AddParameter): Name = "Power Rating"; Value = "7.5mW"; VariantName = "[No Variations]"
Add component (AddParameter): Name = "Resistance"; Value = "10kR"; VariantName = "[No Variations]"
Add component (AddParameter): Name = "Resistance Tolerance"; Value = "1%"; VariantName = "[No Variations]"
Add component (AddParameter): Name = "RoHS Compliant"; Value = "Yes"; VariantName = "[No Variations]"
Add component (AddParameter): Name = "Series"; Value = "NXR"; VariantName = "[No Variations]"
Add component (AddParameter): Name = "Termination"; Value = "Radial"; VariantName = "[No Variations]"
Add component (AddParameter): Name = "Tolerance"; Value = "1%"; VariantName = "[No Variations]"
Add component (AddParameter): Name = "Width"; Value = "4mm"; VariantName = "[No Variations]"
Added Component: Designator= NTC2(FP-NXR_151B030-MFG)
Add component. Clean all parameters for all variants
Add component (AddParameter): Name = "Height"; Value = "2mm"; VariantName = "[No Variations]"
Add component (AddParameter): Name = "LCSC Part #"; Value = "C152559"; VariantName = "[No Variations]"
Add component (AddParameter): Name = "Lead Diameter"; Value = "0.4mm"; VariantName = "[No Variations]"
Add component (AddParameter): Name = "Lead Free"; Value = "Lead Free"; VariantName = "[No Variations]"
Add component (AddParameter): Name = "Lead Pitch"; Value = "2.5mm"; VariantName = "[No Variations]"
Add component (AddParameter): Name = "Length"; Value = "5mm"; VariantName = "[No Variations]"
Add component (AddParameter): Name = "Manufacturer"; Value = "Murata Electronics"; VariantName = "[No Variations]"
Add component (AddParameter): Name = "Max Operating Temperature"; Value = "125°C"; VariantName = "[No Variations]"
Add component (AddParameter): Name = "Max Power Dissipation"; Value = "7.5mW"; VariantName = "[No Variations]"
Add component (AddParameter): Name = "Mfr. Part #"; Value = "NXRT15XH103FA1B030"; VariantName = "[No Variations]"
Add component (AddParameter): Name = "Min Operating Temperature"; Value = "-40°C"; VariantName = "[No Variations]"
Add component (AddParameter): Name = "Mount"; Value = "Through Hole"; VariantName = "[No Variations]"
Add component (AddParameter): Name = "Number of Pins"; Value = "2"; VariantName = "[No Variations]"
Add component (AddParameter): Name = "Package"; Value = "Radial Leaded"; VariantName = "[No Variations]"
Add component (AddParameter): Name = "Package Quantity"; Value = "500"; VariantName = "[No Variations]"
Add component (AddParameter): Name = "Packaging"; Value = "Bulk"; VariantName = "[No Variations]"
Add component (AddParameter): Name = "Power Rating"; Value = "7.5mW"; VariantName = "[No Variations]"
Add component (AddParameter): Name = "Resistance"; Value = "10kR"; VariantName = "[No Variations]"
Add component (AddParameter): Name = "Resistance Tolerance"; Value = "1%"; VariantName = "[No Variations]"
Add component (AddParameter): Name = "RoHS Compliant"; Value = "Yes"; VariantName = "[No Variations]"
Add component (AddParameter): Name = "Series"; Value = "NXR"; VariantName = "[No Variations]"
Add component (AddParameter): Name = "Termination"; Value = "Radial"; VariantName = "[No Variations]"
Add component (AddParameter): Name = "Tolerance"; Value = "1%"; VariantName = "[No Variations]"
Add component (AddParameter): Name = "Width"; Value = "4mm"; VariantName = "[No Variations]"
Added Component: Designator=R1(RESC1005X40X25LL05T10)
Add component. Clean all parameters for all variants
Add component (AddParameter): Name = "LCSC Part #"; Value = "C60490"; VariantName = "[No Variations]"
Add component (AddParameter): Name = "Manufacturer"; Value = "Yageo / Phycomp"; VariantName = "[No Variations]"
Add component (AddParameter): Name = "Mfr. Part #"; Value = "RC0402FR-0710KL"; VariantName = "[No Variations]"
Add component (AddParameter): Name = "Package"; Value = "0402"; VariantName = "[No Variations]"
Add component (AddParameter): Name = "Power"; Value = "1/16W"; VariantName = "[No Variations]"
Add component (AddParameter): Name = "Resistance"; Value = "10K"; VariantName = "[No Variations]"
Add component (AddParameter): Name = "Tolerance"; Value = "±1%"; VariantName = "[No Variations]"
Added Component: Designator=R2(RESC1005X40X25LL05T10)
Add component. Clean all parameters for all variants
Add component (AddParameter): Name = "LCSC Part #"; Value = "C60490"; VariantName = "[No Variations]"
Add component (AddParameter): Name = "Manufacturer"; Value = "Yageo / Phycomp"; VariantName = "[No Variations]"
Add component (AddParameter): Name = "Mfr. Part #"; Value = "RC0402FR-0710KL"; VariantName = "[No Variations]"
Add component (AddParameter): Name = "Package"; Value = "0402"; VariantName = "[No Variations]"
Add component (AddParameter): Name = "Power"; Value = "1/16W"; VariantName = "[No Variations]"
Add component (AddParameter): Name = "Resistance"; Value = "10K"; VariantName = "[No Variations]"
Add component (AddParameter): Name = "Tolerance"; Value = "±1%"; VariantName = "[No Variations]"
Added Component: Designator=R3(RESC1005X40X25LL05T10)
Add component. Clean all parameters for all variants
Add component (AddParameter): Name = "LCSC Part #"; Value = "C60490"; VariantName = "[No Variations]"
Add component (AddParameter): Name = "Manufacturer"; Value = "Yageo / Phycomp"; VariantName = "[No Variations]"
Add component (AddParameter): Name = "Mfr. Part #"; Value = "RC0402FR-0710KL"; VariantName = "[No Variations]"
Add component (AddParameter): Name = "Package"; Value = "0402"; VariantName = "[No Variations]"
Add component (AddParameter): Name = "Power"; Value = "1/16W"; VariantName = "[No Variations]"
Add component (AddParameter): Name = "Resistance"; Value = "10K"; VariantName = "[No Variations]"
Add component (AddParameter): Name = "Tolerance"; Value = "±1%"; VariantName = "[No Variations]"
Added Component: Designator=R4(RESC1005X40X25LL05T10)
Add component. Clean all parameters for all variants
Add component (AddParameter): Name = "LCSC Part #"; Value = "C105637"; VariantName = "[No Variations]"
Add component (AddParameter): Name = "Manufacturer"; Value = "Yageo / Phycomp"; VariantName = "[No Variations]"
Add component (AddParameter): Name = "Mfr. Part #"; Value = "RC0402JR-071KL"; VariantName = "[No Variations]"
Add component (AddParameter): Name = "Package"; Value = "0402"; VariantName = "[No Variations]"
Add component (AddParameter): Name = "Value"; Value = "1K"; VariantName = "[No Variations]"
Added Component: Designator=R5(FP-RC0402-0_4-IPC_A)
Add component. Clean all parameters for all variants
Add component (AddParameter): Name = "Case/Package"; Value = "0402"; VariantName = "[No Variations]"
Add component (AddParameter): Name = "Lead Free"; Value = "Lead Free"; VariantName = "[No Variations]"
Add component (AddParameter): Name = "Max Operating Temperature"; Value = "155°C"; VariantName = "[No Variations]"
Add component (AddParameter): Name = "Mount"; Value = "Surface Mount"; VariantName = "[No Variations]"
Add component (AddParameter): Name = "Number of Terminations"; Value = "2"; VariantName = "[No Variations]"
Add component (AddParameter): Name = "Packaging"; Value = "Tape and Reel"; VariantName = "[No Variations]"
Add component (AddParameter): Name = "Power Rating"; Value = "62.5mW"; VariantName = "[No Variations]"
Add component (AddParameter): Name = "Radiation Hardening"; Value = "No"; VariantName = "[No Variations]"
Add component (AddParameter): Name = "Resistance"; Value = "0R"; VariantName = "[No Variations]"
Add component (AddParameter): Name = "Resistor Type"; Value = "Thick Film"; VariantName = "[No Variations]"
Add component (AddParameter): Name = "RoHS Compliant"; Value = "Yes"; VariantName = "[No Variations]"
Add component (AddParameter): Name = "Series"; Value = "RC"; VariantName = "[No Variations]"
Add component (AddParameter): Name = "Size Code"; Value = "0402"; VariantName = "[No Variations]"
Add component (AddParameter): Name = "Temperature Coefficient"; Value = "200ppm/°C"; VariantName = "[No Variations]"
Add component (AddParameter): Name = "Termination"; Value = "SMD/SMT"; VariantName = "[No Variations]"
Add component (AddParameter): Name = "Tolerance"; Value = "1%"; VariantName = "[No Variations]"
Add component (AddParameter): Name = "Voltage Rating"; Value = "50V"; VariantName = "[No Variations]"
Add component (AddParameter): Name = "Width"; Value = "0.5mm"; VariantName = "[No Variations]"
Added Component: Designator=U2(BGA12C40P4X3_191X148X51)
Add component. Clean all parameters for all variants
Add component (AddParameter): Name = "Arrow Part Number"; Value = ""; VariantName = "[No Variations]"
Add component (AddParameter): Name = "Arrow Price/Stock"; Value = ""; VariantName = "[No Variations]"
Add component (AddParameter): Name = "Datasheet Link"; Value = "https://datasheet.datasheetarchive.com/originals/distributors/Datasheets_SAMA/fe717287e81a719257576d7f98eba387.pdf"; VariantName = "[No Variations]"
Add component (AddParameter): Name = "Geometry.Height"; Value = "0.51mm"; VariantName = "[No Variations]"
Add component (AddParameter): Name = "LCSC Part #"; Value = "C895466"; VariantName = "[No Variations]"
Add component (AddParameter): Name = "Manufacturer"; Value = "onsemi"; VariantName = "[No Variations]"
Add component (AddParameter): Name = "Mfr. Part #"; Value = "LC709204FXE-01TBG"; VariantName = "[No Variations]"
Add component (AddParameter): Name = "Mouser Part Number"; Value = "863-LC709204FXE01TBG"; VariantName = "[No Variations]"
Add component (AddParameter): Name = "Mouser Price/Stock"; Value = "https://www.mouser.co.uk/ProductDetail/onsemi/LC709204FXE-01TBG?qs=xZ%2FP%252Ba9zWqZEcFBJqR18FQ%3D%3D"; VariantName = "[No Variations]"
Add component (AddParameter): Name = "Mouser Testing Price/Stock"; Value = ""; VariantName = "[No Variations]"
Add component (AddParameter): Name = "Package"; Value = "WLCSP12(1.48x1.91x0.51)"; VariantName = "[No Variations]"
Added Pin To Net: NetName=NetC04_1 Pin=C04-1
Added Pin To Net: NetName=Pack+ Pin=C4-1
Added Pin To Net: NetName=Pack+ Pin=con1-2
Added Pin To Net: NetName=BM_ALARM Pin=DS-05RP-6
Added Pin To Net: NetName=Pack+ Pin=J1-1
Added Pin To Net: NetName=NetLED1_1 Pin=LED1-1
Added Pin To Net: NetName=SCL Pin=M1-14
Added Pin To Net: NetName=SDA Pin=M1-21
Added Pin To Net: NetName=BM_ALARM Pin=M1-25
Added Pin To Net: NetName=NetM1_30 Pin=M1-30
Added Pin To Net: NetName=NetM1_30 Pin=R1-1
Added Pin To Net: NetName=SDA Pin=R1-2
Added Pin To Net: NetName=NetM1_30 Pin=R2-1
Added Pin To Net: NetName=SCL Pin=R2-2
Added Pin To Net: NetName=NetM1_30 Pin=R3-1
Added Pin To Net: NetName=NetLED1_1 Pin=R4-1
Added Pin To Net: NetName=Pack+ Pin=R4-2
Added Pin To Net: NetName=Pack+ Pin=R5-1
Added Pin To Net: NetName=SDA Pin=U2-A1
Added Pin To Net: NetName=NetC04_1 Pin=U2-A3
Added Pin To Net: NetName=SCL Pin=U2-B1
Added Pin To Net: NetName=BM_ALARM2 Pin=DS-05RP-7
Added Pin To Net: NetName=BM_ALARM2 Pin=LED1-2
Added Net: Name=BM_ALARM2
Added Pin To Net: NetName=GND Pin=C04-2
Added Pin To Net: NetName=GND Pin=C4-2
Added Pin To Net: NetName=GND Pin=con1-1
Added Pin To Net: NetName=GND Pin=J2-1
Added Pin To Net: NetName=GND Pin=M1-2
Added Pin To Net: NetName=GND Pin=M1-29
Added Pin To Net: NetName=GND Pin= NTC1-1
Added Pin To Net: NetName=GND Pin= NTC2-1
Added Pin To Net: NetName=GND Pin=U2-A2
Added Pin To Net: NetName=GND Pin=U2-B2
Added Pin To Net: NetName=GND Pin=U2-C2
Added Net: Name=GND
Added Pin To Net: NetName=NetDS-05RP_1 Pin=DS-05RP-1
Added Pin To Net: NetName=NetDS-05RP_1 Pin=DS-05RP-2
Added Pin To Net: NetName=NetDS-05RP_1 Pin=R3-2
Added Pin To Net: NetName=NetDS-05RP_1 Pin=U2-C1
Added Net: Name=NetDS-05RP_1
Added Pin To Net: NetName=NetDS-05RP_3 Pin=DS-05RP-3
Added Pin To Net: NetName=NetDS-05RP_3 Pin=DS-05RP-4
Added Pin To Net: NetName=NetDS-05RP_3 Pin= NTC1-2
Added Net: Name=NetDS-05RP_3
Added Pin To Net: NetName=NetDS-05RP_5 Pin=DS-05RP-5
Added Pin To Net: NetName=NetDS-05RP_5 Pin= NTC2-2
Added Net: Name=NetDS-05RP_5
Added Pin To Net: NetName=NetR5_2 Pin=R5-2
Added Pin To Net: NetName=NetR5_2 Pin=U2-A4
Added Net: Name=NetR5_2
Added Pin To Net: NetName=NTCvp Pin=DS-05RP-8
Added Pin To Net: NetName=NTCvp Pin=J5-1
Added Pin To Net: NetName=NTCvp Pin=M1-17
Added Net: Name=NTCvp
Added Pin To Net: NetName=TSENSE1 Pin=DS-05RP-9
Added Pin To Net: NetName=TSENSE1 Pin=J3-1
Added Pin To Net: NetName=TSENSE1 Pin=U2-B4
Added Net: Name=TSENSE1
Added Pin To Net: NetName=TSENSE2 Pin=DS-05RP-10
Added Pin To Net: NetName=TSENSE2 Pin=J4-1
Added Pin To Net: NetName=TSENSE2 Pin=U2-B3
Added Net: Name=TSENSE2
Added Member To Class: ClassName=Battery_Mnitor1 Member=Component C04 2.2uF
Added Member To Class: ClassName=Battery_Mnitor1 Member=Component C4 1uF
Added Member To Class: ClassName=Battery_Mnitor1 Member=Component con1 2pin Wire Connector_1
Added Member To Class: ClassName=Battery_Mnitor1 Member=Component DS-05RP Dip Switch
Added Member To Class: ClassName=Battery_Mnitor1 Member=Component J1 5004
Added Member To Class: ClassName=Battery_Mnitor1 Member=Component J2 5004
Added Member To Class: ClassName=Battery_Mnitor1 Member=Component J3 5004
Added Member To Class: ClassName=Battery_Mnitor1 Member=Component J4 5004
Added Member To Class: ClassName=Battery_Mnitor1 Member=Component J5 5004
Added Member To Class: ClassName=Battery_Mnitor1 Member=Component LED1 Red
Added Member To Class: ClassName=Battery_Mnitor1 Member=Component M1 ESP32-WROOM-32
Added Member To Class: ClassName=Battery_Mnitor1 Member=Component  NTC1 NXRT15XH103FA1B030
Added Member To Class: ClassName=Battery_Mnitor1 Member=Component  NTC2 NXRT15XH103FA1B030
Added Member To Class: ClassName=Battery_Mnitor1 Member=Component R1 10K
Added Member To Class: ClassName=Battery_Mnitor1 Member=Component R2 10K
Added Member To Class: ClassName=Battery_Mnitor1 Member=Component R3 10K
Added Member To Class: ClassName=Battery_Mnitor1 Member=Component R4 1K
Added Member To Class: ClassName=Battery_Mnitor1 Member=Component R5 0R
Added Member To Class: ClassName=Battery_Mnitor1 Member=Component U2 LC709204FXE-01TBG
Added Room: Name=Battery_Mnitor1
